[INFO] Scanning for projects...
[INFO] 
[INFO] -----------------< com.ecobazaarx:ecobazaarx-backend >------------------
[INFO] Building ecobazaarx-backend 0.0.1-SNAPSHOT
[INFO]   from pom.xml
[INFO] --------------------------------[ jar ]---------------------------------
[INFO] 
[INFO] --- clean:3.4.1:clean (default-clean) @ ecobazaarx-backend ---
[INFO] Deleting C:\Users\siddh\OneDrive\Desktop\ecobazaarx-backend\ecobazaarx-backend\ecobazaarx-backend\target
[INFO] 
[INFO] --- resources:3.3.1:resources (default-resources) @ ecobazaarx-backend ---
[INFO] Copying 1 resource from src\main\resources to target\classes
[INFO] Copying 0 resource from src\main\resources to target\classes
[INFO] 
[INFO] --- compiler:3.11.0:compile (default-compile) @ ecobazaarx-backend ---
[INFO] Changes detected - recompiling the module! :source
[INFO] Compiling 72 source files with javac [debug release 17] to target\classes
[INFO] /C:/Users/siddh/OneDrive/Desktop/ecobazaarx-backend/ecobazaarx-backend/ecobazaarx-backend/src/main/java/com/ecobazaarx/service/ProductService.java: Some input files use or override a deprecated API.
[INFO] /C:/Users/siddh/OneDrive/Desktop/ecobazaarx-backend/ecobazaarx-backend/ecobazaarx-backend/src/main/java/com/ecobazaarx/service/ProductService.java: Recompile with -Xlint:deprecation for details.
[INFO] 
[INFO] --- resources:3.3.1:testResources (default-testResources) @ ecobazaarx-backend ---
[INFO] skip non existing resourceDirectory C:\Users\siddh\OneDrive\Desktop\ecobazaarx-backend\ecobazaarx-backend\ecobazaarx-backend\src\test\resources
[INFO] 
[INFO] --- compiler:3.11.0:testCompile (default-testCompile) @ ecobazaarx-backend ---
[INFO] Changes detected - recompiling the module! :dependency
[INFO] Compiling 2 source files with javac [debug release 17] to target\test-classes
[INFO] -------------------------------------------------------------
[ERROR] COMPILATION ERROR : 
[INFO] -------------------------------------------------------------
[ERROR] /C:/Users/siddh/OneDrive/Desktop/ecobazaarx-backend/ecobazaarx-backend/ecobazaarx-backend/src/test/java/com/ecobazaarx/service/RewardsServiceTest.java:[84,39] cannot find symbol
  symbol:   method redeemReward(com.ecobazaarx.entity.User,java.lang.String)
  location: variable rewardsService of type com.ecobazaarx.service.RewardsService
[ERROR] /C:/Users/siddh/OneDrive/Desktop/ecobazaarx-backend/ecobazaarx-backend/ecobazaarx-backend/src/test/java/com/ecobazaarx/service/RewardsServiceTest.java:[97,27] cannot find symbol
  symbol:   method redeemReward(com.ecobazaarx.entity.User,java.lang.String)
  location: variable rewardsService of type com.ecobazaarx.service.RewardsService
[ERROR] /C:/Users/siddh/OneDrive/Desktop/ecobazaarx-backend/ecobazaarx-backend/ecobazaarx-backend/src/test/java/com/ecobazaarx/service/RewardsServiceTest.java:[108,66] cannot find symbol
  symbol:   method redeemReward(com.ecobazaarx.entity.User,java.lang.String)
  location: variable rewardsService of type com.ecobazaarx.service.RewardsService
[INFO] 3 errors 
[INFO] -------------------------------------------------------------
[INFO] ------------------------------------------------------------------------
[INFO] BUILD FAILURE
[INFO] ------------------------------------------------------------------------
[INFO] Total time:  16.699 s
[INFO] Finished at: 2025-12-09T21:05:30+05:30
[INFO] ------------------------------------------------------------------------
[ERROR] Failed to execute goal org.apache.maven.plugins:maven-compiler-plugin:3.11.0:testCompile (default-testCompile) on project ecobazaarx-backend: Compilation failure: Compilation failure: 
[ERROR] /C:/Users/siddh/OneDrive/Desktop/ecobazaarx-backend/ecobazaarx-backend/ecobazaarx-backend/src/test/java/com/ecobazaarx/service/RewardsServiceTest.java:[84,39] cannot find symbol
[ERROR]   symbol:   method redeemReward(com.ecobazaarx.entity.User,java.lang.String)
[ERROR]   location: variable rewardsService of type com.ecobazaarx.service.RewardsService
[ERROR] /C:/Users/siddh/OneDrive/Desktop/ecobazaarx-backend/ecobazaarx-backend/ecobazaarx-backend/src/test/java/com/ecobazaarx/service/RewardsServiceTest.java:[97,27] cannot find symbol
[ERROR]   symbol:   method redeemReward(com.ecobazaarx.entity.User,java.lang.String)
[ERROR]   location: variable rewardsService of type com.ecobazaarx.service.RewardsService
[ERROR] /C:/Users/siddh/OneDrive/Desktop/ecobazaarx-backend/ecobazaarx-backend/ecobazaarx-backend/src/test/java/com/ecobazaarx/service/RewardsServiceTest.java:[108,66] cannot find symbol
[ERROR]   symbol:   method redeemReward(com.ecobazaarx.entity.User,java.lang.String)
[ERROR]   location: variable rewardsService of type com.ecobazaarx.service.RewardsService
[ERROR] -> [Help 1]
[ERROR] 
[ERROR] To see the full stack trace of the errors, re-run Maven with the -e switch.
[ERROR] Re-run Maven using the -X switch to enable full debug logging.
[ERROR] 
[ERROR] For more information about the errors and possible solutions, please read the following articles:
[ERROR] [Help 1] http://cwiki.apache.org/confluence/display/MAVEN/MojoFailureException
